<?xml version="1.0" encoding="UTF-8"?>
<testng-results ignored="0" total="1" passed="1" failed="0" skipped="0">
  <reporter-output>
  </reporter-output>
  <suite started-at="2023-11-27T13:15:42 IST" name="Default suite" finished-at="2023-11-27T13:15:51 IST" duration-ms="9025">
    <groups>
    </groups>
    <test started-at="2023-11-27T13:15:42 IST" name="Default test" finished-at="2023-11-27T13:15:51 IST" duration-ms="9025">
      <class name="basePackage.LoginTest">
        <test-method is-config="true" signature="suiteSetUp()[pri:0, instance:basePackage.LoginTest@8dbdac1]" started-at="2023-11-27T13:15:42 IST" name="suiteSetUp" finished-at="2023-11-27T13:15:42 IST" duration-ms="15" status="PASS">
          <reporter-output>
          </reporter-output>
        </test-method> <!-- suiteSetUp -->
        <test-method is-config="true" signature="browserSetUP()[pri:0, instance:basePackage.LoginTest@8dbdac1]" started-at="2023-11-27T13:15:42 IST" name="browserSetUP" finished-at="2023-11-27T13:15:44 IST" duration-ms="2579" status="PASS">
          <reporter-output>
          </reporter-output>
        </test-method> <!-- browserSetUP -->
        <test-method is-config="true" signature="urlSetUP()[pri:0, instance:basePackage.LoginTest@8dbdac1]" started-at="2023-11-27T13:15:44 IST" name="urlSetUP" finished-at="2023-11-27T13:15:46 IST" duration-ms="1700" status="PASS">
          <reporter-output>
          </reporter-output>
        </test-method> <!-- urlSetUP -->
        <test-method signature="login()[pri:0, instance:basePackage.LoginTest@8dbdac1]" started-at="2023-11-27T13:15:46 IST" name="login" finished-at="2023-11-27T13:15:51 IST" duration-ms="4697" status="PASS">
          <reporter-output>
          </reporter-output>
        </test-method> <!-- login -->
      </class> <!-- basePackage.LoginTest -->
    </test> <!-- Default test -->
  </suite> <!-- Default suite -->
</testng-results>
